Build started 1/11/2020 8:25:44 PM.
     1>Project "E:\c++\project\Line6106021620117\Line6106021620117\Line6106021620117.vcxproj" on node 2 (build target(s)).
     1>InitializeBuildStatus:
         Creating "Debug\Line6106021620117.unsuccessfulbuild" because "AlwaysCreate" was specified.
       ClCompile:
         C:\Program Files (x86)\Microsoft Visual Studio 10.0\VC\bin\CL.exe /c /ZI /nologo /W3 /WX- /Od /Oy- /D WIN32 /D _DEBUG /D _CONSOLE /D _UNICODE /D UNICODE /Gm /EHsc /RTC1 /MDd /GS /fp:precise /Zc:wchar_t /Zc:forScope /Fo"Debug\\" /Fd"Debug\vc100.pdb" /Gd /TP /analyze- /errorReport:prompt Line6106021620117.cpp run.cpp
         run.cpp
         Line6106021620117.cpp
         Generating Code...
       ManifestResourceCompile:
         All outputs are up-to-date.
       Link:
         C:\Program Files (x86)\Microsoft Visual Studio 10.0\VC\bin\link.exe /ERRORREPORT:PROMPT /OUT:"E:\c++\project\Line6106021620117\Debug\Line6106021620117.exe" /INCREMENTAL /NOLOGO kernel32.lib user32.lib gdi32.lib winspool.lib comdlg32.lib advapi32.lib shell32.lib ole32.lib oleaut32.lib uuid.lib odbc32.lib odbccp32.lib /MANIFEST /ManifestFile:"Debug\Line6106021620117.exe.intermediate.manifest" /MANIFESTUAC:"level='asInvoker' uiAccess='false'" /DEBUG /PDB:"E:\c++\project\Line6106021620117\Debug\Line6106021620117.pdb" /SUBSYSTEM:CONSOLE /TLBID:1 /DYNAMICBASE /NXCOMPAT /IMPLIB:"E:\c++\project\Line6106021620117\Debug\Line6106021620117.lib" /MACHINE:X86 Debug\Line6106021620117.exe.embed.manifest.res
         Debug\Line6106021620117.obj
         Debug\run.obj
     1>run.obj : error LNK2005: "void __cdecl lineSimple(int,int,int,int)" (?lineSimple@@YAXHHHH@Z) already defined in Line6106021620117.obj
     1>run.obj : error LNK2005: "float __cdecl round(float)" (?round@@YAMM@Z) already defined in Line6106021620117.obj
     1>run.obj : error LNK2005: "void __cdecl putPixel(int,int)" (?putPixel@@YAXHH@Z) already defined in Line6106021620117.obj
     1>E:\c++\project\Line6106021620117\Debug\Line6106021620117.exe : fatal error LNK1169: one or more multiply defined symbols found
     1>Done Building Project "E:\c++\project\Line6106021620117\Line6106021620117\Line6106021620117.vcxproj" (build target(s)) -- FAILED.

Build FAILED.

Time Elapsed 00:00:06.67
